<?xml version="1.0" encoding="UTF-8"?>
<!-- Generated by org.testng.reporters.JUnitReportReporter -->
<testsuite skipped="0" hostname="deepmish-mac" name="com.qa.hubspot.pagetest.LoginPageTest" tests="3" failures="0" timestamp="05 Jul 2020 04:59:33 GMT" time="0.807" errors="0">
  <testcase name="verifyLoginPageTitleTest" time="0.147" classname="com.qa.hubspot.pagetest.LoginPageTest"/>
  <testcase name="verifySignUpLink" time="0.032" classname="com.qa.hubspot.pagetest.LoginPageTest"/>
  <testcase name="doLoginTest" time="0.628" classname="com.qa.hubspot.pagetest.LoginPageTest"/>
</testsuite> <!-- com.qa.hubspot.pagetest.LoginPageTest -->
