<?xml version="1.0" encoding="UTF-8"?>
<!-- Generated by org.testng.reporters.JUnitReportReporter -->
<testsuite skipped="0" hostname="deepmish-mac" name="com.qa.hubspot.pagetest.LoginPageTest" tests="3" failures="0" timestamp="08 Jul 2020 04:34:53 GMT" time="6.673" errors="0">
  <testcase name="verifyLoginPageTitleTest" time="6.070" classname="com.qa.hubspot.pagetest.LoginPageTest"/>
  <testcase name="verifySignUpLink" time="0.077" classname="com.qa.hubspot.pagetest.LoginPageTest"/>
  <testcase name="doLoginTest" time="0.526" classname="com.qa.hubspot.pagetest.LoginPageTest"/>
</testsuite> <!-- com.qa.hubspot.pagetest.LoginPageTest -->
