<?xml version="1.0" encoding="UTF-8"?>
<!-- Generated by org.testng.reporters.JUnitReportReporter -->
<testsuite skipped="0" hostname="deepmish-mac" name="com.qa.hubspot.pagetest.HomePageTest" tests="3" failures="0" timestamp="05 Jul 2020 04:59:33 GMT" time="6.219" errors="0">
  <testcase name="verifyHomePageTitleTest" time="5.020" classname="com.qa.hubspot.pagetest.HomePageTest"/>
  <testcase name="verifyHomePageHeader" time="0.082" classname="com.qa.hubspot.pagetest.HomePageTest"/>
  <testcase name="verifyUserAccountTest" time="1.117" classname="com.qa.hubspot.pagetest.HomePageTest"/>
</testsuite> <!-- com.qa.hubspot.pagetest.HomePageTest -->
