<?xml version="1.0" encoding="UTF-8"?>
<!-- Generated by org.testng.reporters.JUnitReportReporter -->
<testsuite skipped="0" hostname="deepmish-mac" name="com.qa.hubspot.pagetest.ContactPageTest" tests="5" failures="0" timestamp="08 Jul 2020 04:34:53 GMT" time="40.118" errors="0">
  <testcase name="verifyContactPageTitleTest" time="0.207" classname="com.qa.hubspot.pagetest.ContactPageTest"/>
  <testcase name="createContactTest" time="9.970" classname="com.qa.hubspot.pagetest.ContactPageTest"/>
  <testcase name="createContactTest" time="10.618" classname="com.qa.hubspot.pagetest.ContactPageTest"/>
  <testcase name="createContactTest" time="9.884" classname="com.qa.hubspot.pagetest.ContactPageTest"/>
  <testcase name="createContactTest" time="9.439" classname="com.qa.hubspot.pagetest.ContactPageTest"/>
</testsuite> <!-- com.qa.hubspot.pagetest.ContactPageTest -->
